0-0 1-0 2-3 
0-31 1-1 2-3 3-1 4-1 5-15 6-23 7-1 8-1 9-1 10-4 11-28 12-38 13-1 14-28 15-1 16-15 17-1 18-1 19-20 20-1 21-1 22-1 23-1 24-16 25-31 26-15 27-31 28-24 29-1 30-1 31-1 32-39 
0-6 1-3 2-6 3-6 4-1 5-1 6-24 7-6 8-6 9-6 10-6 11-34 12-6 13-36 14-6 15-6 16-6 17-25 18-6 19-6 20-6 21-10 22-6 23-6 24-6 25-36 
0-15 1-14 2-15 3-11 4-2 5-14 6-0 7-15 8-17 9-15 10-4 11-15 12-19 13-13 14-13 15-15 16-20 
0-2 1-6 2-4 3-17 4-2 5-2 6-12 7-0 8-2 9-18 10-21 11-41 12-19 13-38 14-19 15-2 16-3 17-2 18-2 19-18 20-2 21-3 22-31 23-38 24-31 25-2 26-2 27-18 28-44 29-2 30-3 31-38 32-10 33-10 34-10 35-2 36-46 
0-0 1-0 2-0 3-2 4-7 5-7 6-7 7-7 8-7 9-0 10-11 
0-0 1-3 2-3 3-3 4-3 5-7 6-7 7-7 8-8 9-0 
0-0 1-0 2-2 3-7 4-7 5-8 
0-3 1-14 2-6 3-6 4-4 5-6 6-7 7-3 8-6 9-6 10-9 11-3 12-22 13-20 14-22 15-22 16-6 17-6 18-6 19-6 20-6 21-23 
0-4 1-15 2-4 3-14 4-2 5-9 6-16 7-4 8-4 9-16 10-9 11-9 12-16 13-4 14-9 15-14 16-4 17-0 18-11 19-4 20-8 21-14 22-1 23-15 24-19 25-20 26-4 27-3 28-23 29-4 30-21 31-4 32-4 33-16 34-26 
0-0 1-32 2-0 3-6 4-13 5-5 6-6 7-7 8-7 9-6 10-15 11-7 12-24 13-32 14-32 15-30 16-50 17-0 18-22 19-0 20-21 21-13 22-13 23-0 24-0 25-24 26-0 27-16 28-25 29-0 30-0 31-24 32-32 33-32 34-0 35-25 36-1 37-0 38-0 39-6 40-38 41-30 42-35 43-0 44-0 45-13 46-0 47-6 48-41 49-50 50-0 51-0 52-0 53-21 54-35 55-50 56-0 57-13 58-0 59-52 
0-11 1-1 2-2 3-3 4-1 5-5 6-11 7-1 8-11 9-7 10-11 11-11 12-11 13-11 14-8 15-20 
0-0 1-6 2-0 3-0 4-0 5-11 6-4 7-0 8-5 9-2 10-0 11-0 12-0 13-10 14-0 15-13 
0-0 1-0 2-2 3-7 4-7 5-8 
0-4 1-3 2-4 3-5 4-4 5-3 6-6 7-4 8-4 9-4 10-5 11-6 12-4 13-4 14-4 
0-2 1-1 2-2 3-2 4-2 5-5 6-1 7-10 8-10 9-0 10-2 11-2 12-6 13-11 14-2 15-1 16-13 17-15 18-17 19-2 20-2 21-18 
0-1 1-9 2-34 3-23 4-11 5-11 6-25 7-34 8-1 9-2 10-1 11-1 12-1 13-19 14-22 15-16 16-1 17-1 18-1 19-19 20-19 21-29 22-19 23-28 24-1 25-1 26-8 27-1 28-7 29-1 30-19 31-1 32-25 33-1 34-1 35-1 36-1 37-8 38-1 39-39 
0-1 1-1 2-1 3-1 4-1 5-1 6-1 7-1 8-10 9-11 10-11 11-1 12-1 13-13 
0-0 1-10 2-24 3-2 4-5 5-10 6-5 7-6 8-6 9-11 10-10 11-10 12-5 13-10 14-10 15-10 16-18 17-11 18-20 19-24 20-17 21-24 22-10 23-24 24-10 25-10 26-10 27-28 
0-0 1-1 2-3 3-19 4-4 5-6 6-1 7-15 8-19 9-1 10-1 11-12 12-22 13-1 14-6 15-1 16-19 17-16 18-8 19-6 20-4 21-16 22-6 23-1 24-18 25-25 26-1 27-1 28-1 29-19 30-25 31-4 32-0 33-1 34-1 35-19 36-4 37-35 38-35 39-6 40-1 41-36 
0-17 1-13 2-7 3-6 4-8 5-9 6-6 7-17 8-8 9-17 10-15 11-17 12-8 13-17 14-17 15-19 16-19 17-2 18-23 19-24 20-17 21-29 22-0 23-29 24-30 
0-13 1-3 2-3 3-3 4-6 5-28 6-3 7-3 8-3 9-49 10-3 11-2 12-51 13-10 14-24 15-3 16-3 17-2 18-10 19-28 20-2 21-23 22-25 23-5 24-3 25-23 26-3 27-3 28-3 29-3 30-3 31-3 32-3 33-3 34-3 35-3 36-3 37-19 38-18 39-47 
0-0 1-0 2-0 3-0 4-0 5-7 6-0 7-0 8-7 9-16 10-0 11-4 12-0 13-0 14-7 15-1 16-19 17-19 18-7 19-0 20-19 21-0 22-0 23-7 24-0 25-15 26-13 27-25 
0-15 1-17 2-15 3-55 4-20 5-21 6-17 7-17 8-15 9-55 10-15 11-15 12-15 13-15 14-15 15-14 16-2 17-5 18-15 19-15 20-1 21-8 22-15 23-15 24-15 25-15 26-21 27-17 28-15 29-1 30-10 31-5 32-45 33-1 34-15 35-60 36-15 37-21 38-15 39-17 40-55 41-1 42-15 43-15 44-15 45-1 46-17 47-65 48-15 49-17 50-15 51-17 52-15 53-21 54-65 55-15 56-17 57-15 58-15 59-13 60-1 61-15 62-4 63-31 64-76 
0-7 1-7 2-7 3-4 4-7 5-8 6-6 7-9 8-7 9-7 10-11 11-13 
0-0 1-0 2-2 3-3 4-4 5-2 6-7 7-4 8-6 9-4 10-4 11-11 
0-6 1-3 2-6 3-14 4-6 5-8 6-6 7-1 8-9 9-13 10-0 11-11 12-6 13-6 14-13 15-15 
0-0 1-0 2-7 3-3 4-5 5-8 6-7 7-7 8-12 9-7 10-7 11-2 12-8 13-7 14-7 15-7 16-16 17-7 18-7 19-7 20-17 21-22 
0-5 1-0 2-4 3-3 4-5 5-5 6-5 7-7 
0-10 1-10 2-2 3-3 4-10 5-19 6-11 7-13 8-10 9-10 10-10 11-12 12-18 13-10 14-25 15-19 16-11 17-20 18-17 19-18 20-1 21-10 22-5 23-10 24-10 25-10 26-26 27-30 
0-0 1-5 2-0 3-0 4-0 5-1 6-10 7-4 8-0 9-0 10-0 11-0 12-1 13-13 14-9 15-0 16-8 17-0 18-0 19-19 
0-0 1-1 2-3 3-4 4-13 5-36 6-21 7-6 8-10 9-11 10-6 11-6 12-19 13-6 14-6 15-22 16-19 17-6 18-24 19-19 20-6 21-2 22-26 23-6 24-29 25-19 26-32 27-6 28-33 29-28 30-3 31-26 32-36 33-6 34-28 35-2 36-40 37-40 38-6 39-3 40-6 41-6 42-2 43-50 44-4 45-47 46-6 47-40 48-6 49-6 50-32 51-6 52-13 53-60 
0-0 1-10 2-10 3-3 4-10 5-4 6-3 7-10 8-8 9-27 10-10 11-5 12-10 13-14 14-15 15-10 16-21 17-19 18-22 19-14 20-1 21-10 22-14 23-5 24-10 25-3 26-10 27-33 28-10 29-14 30-21 31-33 32-15 33-49 34-49 35-5 36-49 37-38 38-27 39-43 40-55 41-51 42-24 43-55 44-21 45-36 46-58 
0-2 1-3 2-1 3-5 4-3 5-3 6-3 7-1 8-12 9-10 10-3 11-13 12-22 13-10 14-1 15-17 16-20 17-3 18-3 19-3 20-23 
0-0 1-0 2-2 3-5 4-8 5-8 6-8 7-2 8-13 9-9 10-8 11-8 12-40 13-19 14-8 15-25 16-26 17-24 18-28 19-12 20-8 21-8 22-29 23-8 24-8 25-8 26-25 27-8 28-8 29-8 30-8 31-8 32-39 33-43 
0-0 1-1 2-2 3-2 4-1 5-0 6-0 7-0 8-9 9-0 10-12 
0-5 1-32 2-39 3-3 4-4 5-5 6-7 7-34 8-5 9-11 10-34 11-34 12-27 13-5 14-14 15-5 16-17 17-5 18-49 19-22 20-23 21-2 22-5 23-9 24-8 25-5 26-5 27-5 28-11 29-5 30-37 31-39 32-5 33-5 34-35 35-5 36-5 37-11 38-38 39-39 40-5 41-5 42-5 43-23 44-35 45-5 46-5 47-8 48-49 
0-11 1-4 2-0 3-6 4-11 5-11 6-1 7-8 8-11 9-5 10-11 11-1 12-3 13-8 14-2 15-11 16-14 17-11 18-11 19-17 
0-0 1-1 2-1 3-3 4-4 5-1 6-1 7-1 8-3 9-8 10-1 11-1 12-19 13-21 14-1 15-19 16-14 17-19 18-17 19-1 20-22 
0-4 1-4 2-2 3-4 4-7 5-8 6-7 7-7 8-7 9-11 10-12 
0-0 1-0 2-2 3-15 4-4 5-15 6-15 7-2 8-15 9-15 10-15 11-9 12-11 13-12 14-14 15-15 16-15 17-2 18-14 19-20 20-12 21-15 22-15 23-23 
0-3 1-14 2-6 3-3 4-2 5-3 6-3 7-3 8-3 9-3 10-14 11-3 12-3 13-3 14-3 15-16 
0-5 1-1 2-9 3-5 4-5 5-5 6-10 7-5 8-5 9-5 10-5 11-12 
0-0 1-1 2-6 3-6 4-6 5-14 6-6 7-6 8-6 9-6 10-6 11-6 12-19 
0-0 1-5 2-5 3-5 4-5 5-6 
0-0 1-3 2-3 3-3 4-3 5-3 6-3 7-1 8-3 9-2 10-3 11-3 12-7 13-3 14-10 
0-0 1-2 2-3 3-3 4-2 5-2 6-2 7-4 8-2 9-6 
0-3 1-0 2-2 3-2 4-4 5-1 6-5 7-2 8-14 9-4 10-7 11-4 12-5 13-3 14-2 15-7 16-10 17-2 18-15 
0-0 1-1 2-2 3-3 4-17 5-1 6-1 7-2 8-7 9-8 10-1 11-10 12-2 13-11 14-1 15-1 16-14 17-1 18-13 19-18 
0-0 1-1 2-4 3-3 4-2 5-15 6-10 7-3 8-33 9-0 10-3 11-20 12-3 13-11 14-16 15-17 16-3 17-3 18-3 19-3 20-11 21-16 22-24 23-4 24-3 25-11 26-4 27-24 28-30 29-11 30-2 31-30 32-3 33-33 
0-3 1-0 2-4 3-3 4-4 5-5 6-6 7-7 8-4 9-16 10-10 11-9 12-10 13-2 14-8 15-10 16-4 17-4 18-4 19-4 20-14 21-16 22-2 23-3 24-19 25-19 26-2 27-4 28-28 
0-0 1-1 2-1 3-21 4-1 5-4 6-21 7-8 8-9 9-1 10-13 11-1 12-1 13-8 14-1 15-1 16-13 17-1 18-1 19-1 20-21 21-17 22-20 23-1 24-1 25-16 26-22 
0-0 1-5 2-6 3-4 4-5 5-2 6-5 7-6 8-5 9-5 10-10 11-11 12-12 13-9 14-13 
0-0 1-3 2-3 3-1 4-3 5-3 6-3 7-10 8-3 9-0 10-6 11-7 12-7 13-24 14-2 15-1 16-3 17-12 18-18 19-3 20-25 21-3 22-3 23-3 24-3 25-3 26-3 27-24 28-25 29-3 30-3 31-3 32-3 33-31 
0-1 1-1 2-3 3-4 4-1 5-1 6-6 7-9 
0-0 1-1 2-1 3-1 4-1 5-3 6-9 7-0 8-7 9-5 10-1 11-1 12-5 13-1 14-1 15-1 16-14 
0-0 1-6 2-1 3-6 4-6 5-6 6-3 7-9 8-3 9-10 10-6 11-6 12-6 13-16 
0-0 1-0 2-2 3-3 4-15 5-15 6-2 7-7 8-25 9-18 10-42 11-19 12-20 13-20 14-15 15-14 16-22 17-15 18-15 19-17 20-15 21-27 22-2 23-21 24-17 25-37 26-30 27-26 28-15 29-37 30-15 31-15 32-10 33-2 34-15 35-10 36-2 37-15 38-8 39-31 40-37 41-40 42-42 43-20 44-18 45-42 46-17 47-15 48-13 49-25 50-15 51-37 52-15 53-15 54-7 55-19 
0-5 1-0 2-2 3-11 4-11 5-5 6-1 7-5 8-0 9-0 10-6 11-0 12-9 13-11 14-13 15-11 16-0 17-15 
0-3 1-1 2-3 3-6 4-3 5-3 6-11 7-3 8-12 9-3 10-14 11-3 12-6 13-5 14-3 15-3 16-3 17-16 
0-10 1-2 2-2 3-10 4-10 5-10 6-2 7-3 8-2 9-0 10-2 11-13 
0-10 1-10 2-10 3-10 4-4 5-8 6-5 7-9 8-6 9-10 10-10 11-10 12-11 
0-0 1-7 2-7 3-13 4-7 5-7 6-7 7-15 
0-0 1-6 2-2 3-1 4-4 5-6 6-7 
0-6 1-6 2-6 3-6 4-5 5-10 6-6 7-1 8-6 9-6 10-6 11-6 12-6 13-13 
0-2 1-2 2-6 3-2 4-7 5-13 6-13 7-2 8-19 9-19 10-2 11-20 
0-0 
0-5 1-17 2-13 3-5 4-4 5-5 6-17 7-5 8-5 9-17 10-13 11-29 12-14 13-8 14-1 15-30 16-5 17-17 18-5 19-24 20-16 21-29 22-5 23-5 24-27 25-0 26-17 27-19 28-17 29-21 30-5 31-5 32-37 
0-5 1-5 2-8 3-5 4-5 5-4 6-1 7-0 8-10 
0-0 1-2 2-0 
0-0 1-27 2-1 3-27 4-9 5-12 6-12 7-2 8-11 9-17 10-18 11-18 12-18 13-19 14-23 15-21 16-22 17-27 18-27 19-17 20-23 21-27 22-2 23-11 24-6 25-23 26-14 27-27 28-32 
0-0 1-24 2-10 3-24 4-6 5-3 6-4 7-4 8-6 9-24 10-10 11-1 12-24 13-6 14-24 15-22 16-8 17-24 18-17 
0-0 1-0 2-1 3-6 4-0 5-0 6-12 7-0 8-12 9-7 10-0 11-0 12-16 
0-0 1-0 2-1 3-28 4-18 5-21 6-11 7-18 8-21 9-8 10-7 11-13 12-13 13-15 14-16 15-18 16-26 17-53 18-20 19-21 20-23 21-21 22-26 23-18 24-18 25-18 26-2 27-21 28-13 29-18 30-18 31-21 32-36 33-21 34-38 35-16 36-40 37-41 38-44 39-13 40-18 41-18 42-11 43-16 44-7 45-18 46-2 47-21 48-18 49-54 50-39 51-18 52-18 53-18 54-59 
0-9 1-1 2-2 3-9 4-30 5-9 6-21 7-33 8-38 9-6 10-22 11-9 12-2 13-21 14-29 15-36 16-16 17-9 18-29 19-9 20-9 21-20 22-9 23-9 24-38 25-9 26-20 27-9 28-9 29-9 30-9 31-15 32-16 33-36 34-37 35-9 36-9 37-39 
0-0 1-3 2-2 3-36 4-36 5-7 6-46 7-36 8-13 9-19 10-23 11-24 12-25 13-25 14-21 15-36 16-51 17-18 18-18 19-18 20-36 21-19 22-12 23-25 24-36 25-28 26-36 27-22 28-36 29-30 30-51 31-18 32-36 33-7 34-38 35-39 36-7 37-22 38-23 39-36 40-52 41-22 42-36 43-36 44-7 45-36 46-28 47-22 48-42 49-30 50-46 51-36 52-6 53-23 54-52 55-36 56-26 
0-18 1-18 2-6 3-8 4-18 5-18 6-26 7-9 8-18 9-12 10-0 11-18 12-9 13-13 14-4 15-9 16-26 17-5 18-18 19-13 20-2 21-18 22-18 23-0 24-4 25-27 
0-8 1-8 2-8 3-8 4-4 5-27 6-11 7-8 8-8 9-8 10-15 11-3 12-0 13-10 14-8 15-23 16-3 17-0 18-21 19-0 20-10 21-8 22-8 23-8 24-28 
0-0 1-1 2-12 3-3 4-4 5-5 6-9 7-3 8-1 9-12 10-10 11-12 12-12 13-1 14-1 15-1 16-21 17-1 18-24 19-10 20-3 21-38 22-1 23-21 24-1 25-0 26-1 27-1 28-1 29-1 30-16 31-5 32-1 33-16 34-1 35-1 36-1 37-36 38-9 39-35 40-37 41-44 42-12 43-27 44-13 45-38 46-42 47-1 48-1 49-1 50-4 51-46 52-1 53-47 54-30 55-1 56-1 57-32 
0-0 1-0 2-0 3-0 4-0 5-6 6-0 7-0 8-7 9-6 10-0 11-13 
0-29 1-2 2-3 3-0 4-2 5-7 6-10 7-8 8-8 9-8 10-10 11-5 12-4 13-10 14-0 15-11 16-18 17-33 18-0 19-10 20-28 21-6 22-25 23-2 24-47 25-6 26-3 27-0 28-28 29-0 30-15 31-0 32-6 33-0 34-10 35-15 36-28 37-18 38-0 39-0 40-10 41-19 42-0 43-39 44-0 45-10 46-0 47-28 48-42 49-4 50-15 51-0 52-29 53-0 54-44 55-15 56-6 57-33 58-10 59-28 60-7 61-0 62-0 63-39 
0-34 1-2 2-1 3-31 4-64 5-7 6-11 7-3 8-19 9-49 10-2 11-19 12-7 13-11 14-2 15-11 16-54 17-2 18-13 19-2 20-11 21-2 22-42 23-60 24-2 25-64 26-40 27-2 28-34 29-2 30-12 31-2 32-11 33-13 34-26 35-2 36-11 37-30 38-22 39-32 40-2 41-55 42-31 43-34 44-7 45-11 46-2 47-26 48-57 49-55 50-31 51-65 52-11 53-65 54-22 55-2 56-2 57-48 58-36 59-49 60-13 61-31 62-32 63-2 64-55 65-2 66-54 67-2 68-13 69-2 70-48 71-2 72-2 73-13 74-2 75-2 76-54 77-65 78-66 
0-0 1-7 2-5 3-8 4-1 5-2 6-2 7-1 8-12 9-13 10-24 11-0 12-1 13-15 14-24 15-24 16-0 17-1 18-20 19-0 20-19 21-27 22-24 23-0 24-28 
0-0 1-1 2-2 3-4 4-0 
0-0 1-0 2-2 3-4 4-4 5-15 6-4 7-1 8-22 9-4 10-4 11-21 12-4 13-29 14-13 15-19 16-31 17-4 18-10 19-10 20-2 21-16 22-21 23-4 24-2 25-22 26-24 27-4 28-30 29-23 30-32 31-23 32-30 33-4 34-4 35-33 
0-0 1-8 2-1 3-1 4-3 5-4 6-8 7-14 8-13 9-14 10-12 11-12 12-10 13-12 14-12 15-6 16-8 17-8 18-15 
0-14 1-3 2-0 3-2 4-3 5-5 6-3 7-3 8-3 9-13 10-12 11-12 12-3 13-5 14-17 15-3 16-19 
0-6 1-6 2-1 3-6 4-3 5-6 6-2 7-7 
0-9 1-9 2-7 3-4 4-2 5-4 6-4 7-8 8-9 9-9 10-9 11-11 
0-0 1-0 2-1 3-0 4-0 5-0 6-4 7-6 8-7 9-10 10-0 11-11 
0-0 1-0 2-1 3-2 4-7 
0-4 1-4 2-4 3-4 4-4 5-6 6-8 7-11 8-8 9-11 10-3 11-12 12-7 13-14 14-4 15-6 16-17 
0-0 1-0 2-6 3-3 4-0 5-0 6-0 7-7 
0-5 1-8 2-0 3-5 4-5 5-16 6-11 7-5 8-5 9-5 10-2 11-5 12-11 13-5 14-5 15-16 16-17 17-18 
0-0 1-1 2-15 3-17 4-5 5-15 6-30 7-27 8-9 9-11 10-13 11-14 12-4 13-32 14-28 15-40 16-23 17-13 18-8 19-28 20-8 21-15 22-29 23-11 24-23 25-11 26-9 27-28 28-15 29-1 30-36 31-11 32-15 33-37 34-38 35-28 36-41 37-11 38-39 39-42 
0-3 1-3 2-3 3-3 4-3 5-9 
0-0 1-0 2-2 3-0 4-4 
0-9 1-3 2-0 3-8 4-9 5-9 6-9 7-9 8-10 
0-0 1-0 2-2 3-8 4-5 5-11 6-12 7-8 8-9 9-11 10-6 11-4 12-8 13-8 14-22 15-8 16-26 17-2 18-8 19-9 20-6 21-24 22-5 23-12 24-14 25-14 26-8 27-11 28-15 29-8 30-8 31-11 32-17 33-2 34-2 35-38 
0-3 1-57 2-11 3-37 4-26 5-1 6-2 7-5 8-57 9-27 10-57 11-28 12-15 13-11 14-26 15-7 16-31 17-11 18-11 19-11 20-11 21-3 22-2 23-21 24-22 25-11 26-11 27-11 28-29 29-30 30-46 31-58 32-34 33-2 34-22 35-37 36-11 37-3 38-11 39-2 40-54 41-31 42-26 43-7 44-11 45-45 46-50 47-11 48-54 49-25 50-11 51-11 52-11 53-59 
0-3 1-3 2-3 3-3 4-3 5-4 6-3 
0-0 1-1 2-2 3-11 4-5 5-6 6-11 7-11 8-9 9-11 10-11 11-11 12-12 
0-0 1-0 2-14 3-3 4-14 5-14 6-3 7-7 8-8 9-9 10-28 11-17 12-16 13-10 14-11 15-28 16-21 17-14 18-14 19-3 20-22 21-14 22-23 23-28 24-28 25-28 26-29 
0-0 1-0 2-2 3-2 4-5 
0-0 1-0 2-29 3-16 4-12 5-0 6-0 7-1 8-10 9-11 10-2 11-0 12-3 13-12 14-10 15-12 16-2 17-13 18-12 19-0 20-0 21-2 22-0 23-11 24-23 25-24 26-29 27-0 28-0 29-0 30-31 
0-8 1-2 2-8 3-4 4-0 5-5 6-27 7-8 8-27 9-14 10-30 11-8 12-18 13-23 14-1 15-8 16-23 17-27 18-14 19-8 20-1 21-8 22-8 23-8 24-8 25-30 
0-0 1-2 2-5 3-22 4-6 5-23 6-13 7-10 8-19 9-19 10-11 11-13 12-21 13-13 14-23 15-13 16-13 17-6 18-24 
0-1 1-1 2-16 3-13 4-1 5-6 6-3 7-5 8-1 9-7 10-7 11-1 12-11 13-1 14-13 15-1 16-6 17-5 18-1 19-0 20-1 21-7 22-13 23-18 
0-4 1-1 2-4 3-7 4-4 5-4 6-4 7-4 8-2 9-3 10-4 11-4 12-2 13-3 14-14 15-16 16-4 17-17 18-4 19-17 20-4 21-19 
0-5 1-5 2-3 3-4 4-0 5-8 6-10 7-12 8-4 9-5 10-5 11-5 
0-0 1-1 2-4 3-2 4-1 5-0 
0-0 1-27 2-23 3-2 4-2 5-3 6-23 7-7 8-7 9-8 10-27 11-10 12-2 13-6 14-20 15-8 16-19 17-23 18-24 19-24 20-24 21-27 22-27 23-6 24-24 25-7 26-27 27-2 28-27 29-28 
0-0 1-2 2-1 3-2 4-4 5-4 6-2 7-7 8-0 9-2 10-6 11-7 
0-5 1-5 2-0 3-0 4-20 5-0 6-0 7-19 8-0 9-2 10-14 11-14 12-16 13-2 14-19 15-0 16-21 
0-0 1-4 2-4 3-4 4-10 5-5 6-10 7-10 8-1 9-11 10-12 11-10 12-13 
0-0 1-0 2-14 3-14 4-9 5-9 6-10 7-12 8-5 9-16 
0-0 1-0 2-2 3-45 4-3 5-7 6-52 7-7 8-45 9-7 10-7 11-7 12-54 13-48 14-24 15-7 16-2 17-17 18-25 19-7 20-7 21-10 22-22 23-23 24-32 25-7 26-7 27-7 28-28 29-7 30-2 31-36 32-7 33-10 34-39 35-40 36-10 37-42 38-10 39-44 40-29 41-7 42-10 43-7 44-10 45-7 46-54 47-4 48-54 49-10 50-22 51-23 52-24 53-7 54-13 
0-0 1-8 2-2 3-9 4-4 5-18 6-8 7-8 8-7 9-9 10-10 11-10 12-8 13-8 14-8 15-8 16-8 17-9 18-22 19-8 20-17 21-8 22-8 23-9 24-27 25-22 26-35 27-28 28-8 29-8 30-8 31-8 32-8 33-8 34-8 35-29 36-36 
0-0 1-0 2-2 3-0 4-10 5-0 6-0 7-0 8-11 
0-5 1-11 2-3 3-4 4-6 5-11 6-5 7-5 8-12 9-13 10-5 11-14 
0-0 1-0 2-2 3-3 4-4 5-5 
0-0 1-5 2-5 3-5 4-5 5-5 6-4 7-8 8-7 9-9 10-9 11-5 12-10 
0-0 1-0 2-2 3-3 4-6 5-5 6-14 7-14 8-2 9-5 10-13 11-2 12-14 13-10 14-11 15-14 16-14 17-2 18-14 19-14 20-14 21-5 22-17 
0-0 1-2 2-0 3-35 4-6 5-0 6-7 7-32 8-14 9-15 10-2 11-0 12-0 13-33 14-0 15-20 16-31 17-29 18-31 19-31 20-22 21-0 22-0 23-41 24-0 25-0 26-0 27-35 28-26 29-0 30-41 
0-0 1-0 2-1 3-8 4-5 5-11 6-17 7-11 8-8 9-11 10-10 11-1 12-4 13-10 14-1 15-6 16-18 
0-3 1-7 2-19 3-9 4-3 5-3 6-6 7-21 8-3 9-3 10-19 11-18 12-9 13-3 14-3 15-6 16-10 17-11 18-13 19-3 20-3 21-6 22-18 23-34 24-21 25-3 26-23 27-21 28-3 29-0 30-6 31-22 32-3 33-6 34-18 35-19 36-3 37-41 38-6 39-3 40-3 41-6 42-35 43-21 44-37 45-38 46-16 47-40 48-3 49-3 50-44 
0-4 1-0 2-2 3-4 4-4 5-7 
0-0 1-2 2-2 3-54 4-4 5-24 6-33 7-36 8-36 9-2 10-31 11-11 12-12 13-54 14-14 15-2 16-24 17-34 18-1 19-22 20-2 21-2 22-31 23-52 24-6 25-34 26-2 27-52 28-23 29-2 30-2 31-4 32-52 33-2 34-24 35-61 36-22 37-31 38-2 39-1 40-2 41-49 42-2 43-24 44-54 45-55 46-61 47-2 48-46 49-2 50-14 51-2 52-61 53-67 54-61 55-2 56-68 
0-0 1-21 2-2 3-14 4-11 5-11 6-22 7-7 8-7 9-7 10-21 11-12 12-6 13-16 14-16 15-14 16-6 17-18 18-7 19-22 20-24 21-21 22-25 
0-0 1-2 2-1 3-2 4-4 5-4 6-7 7-7 8-7 9-5 10-7 11-7 12-14 13-15 14-16 15-2 16-13 17-0 
0-0 1-0 2-2 3-3 4-5 5-7 6-9 7-10 8-12 9-7 10-12 11-7 12-7 13-13 14-7 15-7 16-14 
0-0 1-0 2-4 
0-0 1-0 2-4 3-7 4-4 5-7 6-7 7-7 8-8 
0-0 1-5 2-5 3-5 4-10 5-5 6-5 7-6 8-5 9-0 10-1 11-5 12-10 13-5 14-14 
0-3 1-3 2-3 3-5 4-3 5-3 6-7 
0-4 1-16 2-4 3-1 4-2 5-4 6-5 7-4 8-4 9-1 10-5 11-4 12-4 13-0 14-4 15-1 16-13 17-4 18-4 19-0 20-10 21-4 
0-0 1-0 2-4 3-4 4-4 5-5 6-6 7-7 8-10 9-12 10-4 11-13 
0-5 1-3 2-3 3-3 4-6 
0-0 1-0 2-2 3-5 4-12 5-5 6-6 7-43 8-21 9-12 10-5 11-12 12-28 13-7 14-5 15-5 16-2 17-9 18-10 19-5 20-5 21-7 22-5 23-3 24-16 25-5 26-5 27-7 28-36 29-9 30-5 31-36 32-2 33-24 34-12 35-6 36-43 37-43 38-5 39-46 40-5 41-13 42-5 43-47 
0-3 1-3 2-3 3-2 4-4 
0-0 1-2 2-3 3-2 4-5 5-4 6-0 7-2 8-2 9-2 10-2 11-7 12-2 13-2 14-5 15-26 16-26 17-2 18-29 19-21 20-2 21-8 22-24 23-2 24-30 
0-0 1-1 2-2 3-3 4-3 5-5 
0-3 1-3 2-15 3-3 4-3 5-1 6-12 7-12 8-1 9-15 10-16 11-3 12-3 13-19 14-1 15-26 16-26 17-3 18-11 19-24 20-3 21-12 22-3 23-26 24-3 25-3 26-22 27-28 
0-0 1-0 2-1 3-3 4-8 5-17 6-10 7-5 8-8 9-8 10-2 11-12 12-3 13-14 14-8 15-15 16-8 17-2 18-8 19-10 20-6 21-8 22-8 23-24 24-25 25-25 26-8 27-10 28-8 29-29 
0-5 1-5 2-5 3-5 4-2 5-5 6-6 
0-0 1-19 2-8 3-3 4-4 5-5 6-6 7-14 8-19 9-9 10-3 11-5 12-13 13-14 14-19 15-3 16-19 17-19 18-4 19-5 20-19 21-23 
0-2 1-2 2-2 3-2 4-4 5-5 6-6 7-7 8-5 9-2 10-10 
0-5 1-7 2-2 3-3 4-6 5-5 6-4 7-3 8-3 9-7 10-3 11-8 
0-0 1-6 2-17 3-17 4-0 5-17 6-10 7-0 8-0 9-17 10-0 11-18 
0-0 1-1 2-0 3-6 4-4 5-3 6-0 7-7 8-0 9-0 10-11 11-25 12-18 13-14 14-16 15-14 16-11 17-18 18-3 19-0 20-4 21-11 22-5 23-18 24-4 25-20 26-0 27-0 28-4 29-4 30-11 31-28 32-0 33-29 
0-7 1-11 2-2 3-7 4-30 5-7 6-13 7-1 8-5 9-6 10-7 11-37 12-7 13-6 14-0 15-12 16-13 17-14 18-17 19-17 20-32 21-7 22-30 23-22 24-23 25-22 26-7 27-13 28-1 29-29 30-30 31-34 32-33 33-32 34-7 35-34 36-33 37-11 38-33 39-6 40-37 41-6 42-37 43-37 44-37 45-37 46-13 47-30 48-7 49-7 50-30 51-51 52-51 53-7 54-23 55-7 56-6 57-7 58-6 59-7 60-6 61-7 62-62 63-7 64-37 65-7 66-62 67-7 68-37 69-7 70-6 71-7 72-6 73-6 74-74 
0-1 1-8 2-0 3-10 4-0 5-10 6-10 7-10 8-10 9-1 10-1 11-17 12-17 13-1 14-1 15-12 16-5 17-31 18-17 19-1 20-17 21-17 22-1 23-31 24-20 25-1 26-31 27-1 28-1 29-1 30-1 31-51 
0-20 1-3 2-18 3-4 4-20 5-3 6-19 7-3 8-3 9-20 10-3 11-11 12-12 13-13 14-3 15-14 16-4 17-3 18-3 19-3 20-18 21-15 22-3 23-3 24-24 25-14 26-3 27-28 28-20 29-30 30-18 31-18 32-31 
0-5 1-6 2-20 3-5 4-5 5-10 6-5 7-5 8-6 9-7 10-8 11-18 12-18 13-5 14-18 15-20 16-3 17-18 18-18 19-19 20-5 21-23 22-7 23-14 24-5 25-24 26-5 27-5 28-6 29-7 30-18 31-29 32-30 
0-15 1-2 2-0 3-7 4-10 5-0 6-11 7-12 8-0 9-29 10-4 11-0 12-3 13-10 14-0 15-4 16-10 17-0 18-29 19-28 20-0 21-0 22-29 23-29 24-0 25-0 26-5 27-14 
0-0 1-11 2-0 3-0 4-15 5-6 6-0 7-5 8-30 9-0 10-0 11-4 12-0 13-1 14-30 15-23 16-23 17-6 18-23 19-19 20-4 21-0 22-23 23-23 24-23 25-0 26-1 27-11 28-0 29-27 30-0 31-0 32-34 33-0 34-39 35-0 36-21 37-40 
0-0 1-2 2-5 3-22 4-5 5-0 6-0 7-22 8-8 9-2 10-0 11-11 12-13 13-0 14-27 15-0 16-19 17-43 18-2 19-15 20-3 21-5 22-6 23-0 24-26 25-0 26-0 27-0 28-0 29-36 30-36 31-13 32-40 33-40 34-0 35-31 36-0 37-0 38-0 39-28 40-0 41-16 
0-6 1-6 2-27 3-4 4-3 5-9 6-33 7-6 8-6 9-6 10-6 11-17 12-33 13-14 14-40 15-6 16-20 17-33 18-14 19-40 20-6 21-5 22-6 23-27 24-50 25-29 26-4 27-5 28-29 29-38 30-50 31-40 32-37 33-6 34-6 35-6 36-4 37-20 38-50 39-29 40-4 41-5 42-29 43-6 44-4 45-45 46-33 47-6 48-11 49-6 50-6 51-17 52-6 53-17 54-4 55-6 56-13 57-53 
0-19 1-6 2-10 3-4 4-14 5-19 6-4 7-4 8-4 9-22 10-3 11-6 12-13 13-6 14-4 15-4 16-4 17-22 18-7 19-28 20-4 21-25 22-4 23-22 24-4 25-4 26-19 27-3 28-19 29-14 30-29 
0-9 1-8 2-35 3-9 4-3 5-5 6-20 7-9 8-9 9-9 10-20 11-30 12-4 13-18 14-30 15-1 16-9 17-21 18-1 19-9 20-24 21-9 22-1 23-9 24-1 25-15 26-14 27-4 28-9 29-24 30-30 31-33 32-29 33-9 34-0 35-36 
0-4 1-4 2-10 3-25 4-10 5-3 6-5 7-4 8-4 9-10 10-10 11-10 12-4 13-10 14-17 15-5 16-10 17-10 18-25 19-5 20-10 21-10 22-25 23-10 24-10 25-23 26-29 
0-0 1-0 2-2 3-0 4-4 5-0 6-0 7-8 8-0 9-4 10-8 11-0 12-0 13-21 14-0 15-16 16-0 17-16 18-16 19-0 20-16 21-0 22-23 
0-3 1-3 2-0 3-3 4-3 5-0 6-15 7-9 8-3 9-15 10-3 11-3 12-16 
0-2 1-2 2-2 3-2 4-39 5-2 6-2 7-15 8-8 9-1 10-12 11-28 12-2 13-41 14-2 15-1 16-48 17-42 18-2 19-48 20-2 21-2 22-1 23-47 24-2 25-21 26-25 27-2 28-24 29-8 30-2 31-22 32-14 33-1 34-2 35-18 36-2 37-2 38-34 39-2 40-2 41-1 42-42 43-42 44-28 45-15 46-4 47-2 48-2 49-42 50-2 51-29 
0-16 1-8 2-16 3-16 4-16 5-16 6-16 7-11 8-16 9-14 10-5 11-18 12-5 13-18 14-19 
0-7 1-7 2-51 3-2 4-7 5-3 6-35 7-40 8-7 9-34 10-35 11-7 12-7 13-32 14-34 15-10 16-51 17-13 18-7 19-2 20-15 21-7 22-7 23-15 24-34 25-10 26-13 27-21 28-3 29-7 30-16 31-8 32-13 33-31 34-9 35-37 36-42 37-40 38-7 39-45 40-45 41-35 42-7 43-0 44-7 45-7 46-24 
0-1 1-1 2-0 3-1 4-2 5-3 6-4 7-4 8-6 
0-0 1-5 2-2 3-0 4-5 5-2 6-10 7-13 8-5 9-5 10-8 11-5 12-10 13-5 14-5 15-5 16-10 17-5 18-5 19-13 20-5 21-13 22-13 23-7 24-15 25-5 26-16 
0-0 1-2 2-35 3-4 4-10 5-4 6-29 7-41 8-4 9-4 10-4 11-12 12-48 13-12 14-6 15-4 16-0 17-12 18-16 19-17 20-43 21-4 22-4 23-23 24-4 25-12 26-17 27-25 28-10 29-4 30-29 31-4 32-12 33-10 34-0 35-4 36-12 37-36 38-46 39-25 40-8 41-47 42-4 43-4 44-4 45-4 46-12 47-25 48-4 49-29 50-4 51-50 
0-10 1-10 2-1 3-2 4-3 5-4 6-10 7-10 8-10 9-10 10-6 11-10 12-9 13-10 14-2 15-12 16-6 17-10 18-12 19-2 20-16 21-0 22-10 23-10 24-10 25-7 26-10 27-1 28-10 29-1 30-15 31-25 
0-14 1-5 2-9 3-4 4-9 5-0 6-5 7-9 8-9 9-7 10-10 11-9 12-5 13-16 14-17 15-9 16-14 17-14 18-9 19-9 20-5 21-24 
0-0 1-1 2-2 3-3 4-4 5-3 6-10 7-3 8-3 9-17 10-10 11-10 12-3 13-3 14-3 15-17 16-11 17-3 18-3 19-4 20-21 
0-3 1-13 2-4 3-9 4-25 5-3 6-3 7-23 8-23 9-3 10-13 11-4 12-21 13-15 14-3 15-17 16-7 17-3 18-17 19-21 20-21 21-0 22-26 23-7 24-23 25-26 26-3 27-3 28-3 29-3 30-13 31-31 
0-36 1-4 2-8 3-4 4-3 5-3 6-4 7-17 8-10 9-14 10-3 11-11 12-15 13-16 14-2 15-3 16-1 17-21 18-10 19-3 20-17 21-16 22-25 23-2 24-3 25-1 26-30 27-10 28-3 29-17 30-2 31-36 32-36 33-34 34-37 
0-43 1-0 2-0 3-26 4-43 5-0 6-4 7-22 8-41 9-0 10-0 11-11 12-11 13-0 14-0 15-19 16-4 17-0 18-19 19-12 20-18 21-17 22-19 23-0 24-0 25-0 26-19 27-0 28-0 29-43 30-25 31-26 32-6 33-28 34-19 35-26 36-30 37-0 38-0 39-33 40-6 41-0 42-41 43-28 44-44 
0-2 1-0 2-4 3-2 4-2 5-1 6-4 7-2 8-9 
0-0 1-0 2-0 3-7 4-15 5-3 6-3 7-3 8-0 9-1 10-7 11-1 12-0 13-0 14-13 15-0 16-0 17-15 18-16 19-18 20-11 21-19 
0-1 1-0 2-1 3-2 4-19 5-6 6-8 7-0 8-0 9-0 10-7 11-4 12-2 13-10 14-11 15-0 16-0 17-0 18-37 19-0 20-0 21-13 22-2 23-22 24-15 25-6 26-1 27-8 28-19 29-0 30-1 31-23 32-0 33-2 34-1 35-8 36-15 37-2 38-19 39-29 40-37 41-0 42-0 43-0 44-42 
0-4 1-33 2-4 3-31 4-4 5-7 6-4 7-4 8-0 9-12 10-32 11-12 12-35 13-2 14-17 15-4 16-4 17-18 18-29 19-16 20-31 21-4 22-4 23-7 24-28 25-4 26-4 27-31 28-5 29-4 30-2 31-4 32-0 33-35 
0-0 1-1 2-2 3-10 4-4 5-10 6-10 7-1 8-7 9-8 10-9 11-10 12-11 13-13 14-14 15-10 16-1 17-10 18-8 19-10 20-19 
0-1 1-7 2-3 3-7 4-4 5-7 6-3 7-7 8-7 9-7 10-7 11-15 12-7 13-7 14-7 15-9 16-12 17-5 18-3 19-15 20-15 21-7 22-9 23-14 24-15 25-7 26-19 
0-0 1-0 2-2 3-3 
0-0 1-14 2-21 3-3 4-12 5-20 6-24 7-17 8-9 9-11 10-17 11-5 12-5 13-17 14-21 15-2 16-17 17-14 18-15 19-25 20-12 21-27 22-20 23-21 24-17 25-23 26-17 27-5 28-17 29-28 
0-0 1-0 2-0 3-0 4-0 5-0 6-8 7-0 8-0 9-8 10-9 11-0 12-0 13-0 14-8 15-17 16-18 17-0 18-8 19-0 20-0 21-23 22-18 23-0 24-0 25-0 26-27 
0-11 1-11 2-2 3-1 4-1 5-2 6-10 7-14 8-1 9-18 10-1 11-40 12-1 13-1 14-13 15-1 16-1 17-2 18-11 19-10 20-13 21-32 22-18 23-10 24-4 25-1 26-42 27-8 28-1 29-40 30-1 31-40 32-42 33-42 34-47 35-31 
0-10 1-36 2-38 3-5 4-3 5-4 6-10 7-6 8-16 9-8 10-10 11-10 12-10 13-10 14-2 15-14 16-18 17-10 18-42 19-20 20-4 21-26 22-10 23-2 24-26 25-24 26-22 27-10 28-10 29-10 30-6 31-44 32-10 33-31 34-33 35-10 36-17 
0-0 1-3 2-1 3-3 4-4 
0-0 1-19 2-0 3-0 4-0 5-0 6-0 7-0 8-0 9-4 10-0 11-1 12-0 13-10 14-0 15-0 16-21 
0-13 1-0 2-2 3-15 4-3 5-4 6-2 7-8 8-2 9-13 10-2 11-2 12-2 13-17 14-13 15-2 16-4 17-2 18-23 19-11 20-2 21-2 22-24 
0-3 1-3 2-3 3-2 4-24 5-4 6-20 7-6 8-2 9-3 10-10 11-24 12-4 13-26 14-14 15-2 16-3 17-24 18-4 19-26 20-14 21-6 22-3 23-20 24-3 25-24 26-20 27-3 28-20 29-3 30-24 31-3 32-9 33-3 34-3 35-34 36-3 37-26 38-3 39-3 40-24 41-16 42-33 43-3 44-3 45-3 46-3 47-20 48-3 49-3 50-9 
0-0 1-21 2-0 3-2 4-0 5-0 6-8 7-10 8-5 9-0 10-21 11-0 12-0 13-18 14-0 15-0 16-20 17-0 18-0 19-24 20-24 21-15 22-0 23-25 
0-0 1-5 2-21 3-5 4-12 5-5 6-5 7-5 8-34 9-5 10-5 11-8 12-5 13-5 14-12 15-12 16-13 17-3 18-18 19-5 20-21 21-5 22-22 23-31 24-5 25-13 26-18 27-5 28-21 29-5 30-34 
0-3 1-2 2-3 3-3 4-3 5-4 
0-1 1-1 2-0 3-0 4-0 5-1 6-1 7-9 
0-10 1-0 2-8 3-3 4-6 5-10 6-9 7-9 8-9 9-11 10-10 11-12 12-9 13-11 14-10 15-12 16-17 17-9 18-9 19-11 20-9 21-9 22-27 
0-2 1-2 2-0 3-2 4-2 5-4 6-1 7-2 8-2 9-2 10-9 11-10 
0-0 1-1 2-1 3-4 4-1 5-14 6-6 7-1 8-1 9-1 10-11 11-14 12-8 13-12 14-0 15-1 16-1 17-1 18-14 19-3 20-8 21-1 22-1 23-1 24-22 25-1 26-17 27-24 
0-3 1-3 2-3 3-3 4-6 5-2 6-6 7-1 8-3 9-3 10-9 
0-0 1-12 2-2 3-12 4-8 5-1 6-12 7-12 8-18 9-9 10-23 11-6 12-2 13-10 14-12 15-19 16-10 17-12 18-24 19-17 20-12 21-12 22-4 23-12 24-2 25-16 26-4 27-10 28-7 29-12 30-12 31-12 32-12 33-17 34-34 35-34 36-4 37-12 38-39 
0-4 1-0 2-4 3-32 4-5 5-17 6-4 7-4 8-31 9-10 10-4 11-13 12-40 13-4 14-4 15-4 16-4 17-4 18-4 19-9 20-4 21-24 22-40 23-4 24-4 25-24 26-14 27-42 28-21 29-13 30-4 31-4 32-43 

