68.0583913597
74.8734970782
72.2733065357
77.3969516952
69.1064977497
74.8390662808
58.9088713217
56.0101370396
80.3126220778
69.841999287
68.4541055512
53.2738865879
89.2486941456
77.8611076965
72.523968659
92.9900449538
77.1474894219
65.0035302593
62.2969528939
53.1712338997
59.3755586105
72.0001678902
62.8627764371
88.3181150642
84.5875168099
70.1666412791
75.5683834567
87.5797706783
70.6820667011
64.9625854565
74.3646024002
65.8732861754
84.3835867758
66.9383526673
89.280168809
68.5487738562
51.1831507009
71.8331625764
74.2610220314
71.7037810011
51.4382945512
71.9163581413
65.5658645172
66.2624206192
68.5283922759
84.4566660286
81.8930654118
73.7522763521
73.9461475177
63.4133492762
36.9262677083
61.6969222564
83.7283834384
62.5695041535
58.4580651401
75.9429206238
60.8909261629
90.3472511465
70.904375447
84.6640092179
81.5922156509
69.1909626503
69.4969252345
78.8298718418
74.0557173417
73.8551638748
67.6878402064
80.0291130201
67.2768955974
54.195224086
68.3705519896
63.1907685425
66.5754859333
60.6433970276
62.7068394189
46.8842889194
78.4897173612
73.1297405406
66.0258412758
69.102256243
68.5661310528
61.3957420001
71.8076178859
68.2257327978
58.968538369
63.5066456542
49.065064032
93.3081925496
61.6951407688
61.0510547364
74.1509866802
82.2759767429
51.976460048
80.5189727335
68.0455924616
52.7923260485
64.4401738001
77.8207314944
72.4192510141
70.4045883498
62.5505748047
75.2244407526
45.5771631043
79.3862408473
73.4089316233
73.2930104915
47.2832966513
70.4553429579
60.4038023893
62.7817915656
66.7439398567
71.8687369625
74.486273293
62.4970820889
61.7795557842
65.6042204558
74.6076406574
75.8598545324
66.9113987495
73.9813207001
75.1991642853
75.3602894169
71.379566199
70.8862103723
71.4368664505
57.048667473
68.511069452
85.0409091203
84.4271518072
66.7212188137
54.0018768037
68.8215126248
75.4826352686
82.3067219046
75.0379969976
87.886886326
71.1936715255
76.3028632826
57.7890361299
82.1710158466
66.1997884574
74.1977277883
79.8554386563
71.4171943863
77.3206160438
65.6911017393
53.076810933
67.6475737147
81.7372659555
86.7181737189
74.0250014368
74.2895989241
85.2052122525
59.5420680551
26.7276747113
58.3731003863
60.2414915382
51.1682223532
49.5378543096
44.0793873131
62.7194812956
79.2088241909
56.4271307372
75.9025128742
75.6312187133
58.017673365
76.3308827094
76.9069375117
62.1212769749
69.0433384804
67.7880285232
72.1258001555
55.3333711068
62.9217624705
83.3806440494
62.1956411861
73.6122735839
60.6545819545
64.8280414936
52.4788992748
65.1066230752
74.856286504
74.1398583333
44.1081544144
62.4043713399
58.5860964308
71.1238526179
84.3937095006
76.5487894575
57.6417641961
56.1643542377
85.0739965442
79.7916453879
82.1541020647
74.3793332384
68.387932605
61.9523528926
75.7198911804
72.0132555452
74.2690486584
83.3252676627
64.7877126681
75.4876368621
75.8080178717
45.9661692611
52.5217858491
72.6268422009
73.8081349713
65.8365511316
67.2794023984
74.8874460106
72.2205519303
53.2856605448
62.0654119321
83.2128451365
78.0826042947
76.8539333342
64.6030929757
54.4676322624
76.1539614635
68.7876919582
74.6330111773
37.2675279651
73.6909247865
77.775557605
57.3998655046
69.7267528351
62.687098542
60.1245363403
66.5226133323
50.0363367473
78.9160540343
81.132123129
80.8429045677
23.7373299521
70.5167772301
85.8085933798
63.4076331096
86.0632880201
89.5916794044
83.6143997688
70.5497691098
53.5104567902
66.6045880966
73.5822686673
50.64935054
72.9369402159
66.9074636507
63.7512884342
57.1827034424
62.4306258956
74.9751893086
72.742842488
72.8846050979
82.0066590257
77.2525953773
80.2131273913
70.4535216557
69.0176065727
64.6026975285
68.258716809
66.2943752004
61.7047839652
58.3278491014
65.8158709677
55.4867314809
73.3334463461
71.1431836082
62.9441867251
91.948388052
74.4069959844
61.7431711814
76.6600177175
70.8661549293
54.5963775426
65.3531780886
50.2656709249
51.3087556406
66.2381298554
61.3780812568
43.9707575652
65.3813116841
90.2013619724
91.7297153272
65.1178379508
55.424102262
73.5273533616
81.0440106076
71.6211938154
67.4842368326
67.7666084604
61.2441699693
91.0756517114
67.3459551267
75.2984969552
73.1691344183
65.1495027794
45.6004376565
68.1429391845
53.6940669883
80.4234662284
70.7388297816
76.7808900155
49.7815597357
82.4206834386
75.7987417541
59.2253577555
78.7523258253
52.3497708333
67.5759904634
72.0605249992
66.6002758445
55.0637896319
67.4227020569
56.3612209216
68.1582441775
61.6338702851
74.4808669498
74.8856311911
72.4875962482
63.5977567039
67.4372436063
78.3224744955
84.719168297
54.7942539136
78.1563438273
95.9917333827
68.2143948851
91.2247891203
68.0972527614
77.2678888148
67.284720635
94.4016757495
49.5381131317
41.7559238189
63.6109096329
72.3572024154
69.3915399609
71.3787901216
59.3789284359
64.6799805126
43.6037041425
82.139997632
72.8731124257
52.6944779751
44.7483297888
66.2151822827
78.832688869
77.0057654233
44.2645880344
70.632756053
71.5281796695
71.9145669943
60.3368189508
72.3094139489
72.0783776426
59.7089314234
74.5095595146
75.4321844027
74.8996827266
28.1473679931
57.5574394204
73.4586234687
68.3384259115
69.8535904167
70.1285574486
74.5245755429
55.2729569259
76.0775108825
74.2594011501
68.3792711828
83.3897605058
60.3938675279
78.7886818606
80.8766818759
63.0549881433
81.3891163606
49.6720291711
77.0046686793
67.9661324016
58.7871750199
83.4391874997
68.6875602389
74.4346339425
60.2803746802
68.7364317261
62.8882418734
75.2766109757
83.3921180756
72.4154709046
73.1920141684
73.2321583018
79.2856269738
71.1652759478
95.923797885
81.4638795311
74.7747921281
61.0516571289
75.8387585607
73.6083775429
