27.021544086
27.4190210933
27.0112014032
27.1280707349
27.1459513518
27.1262103764
26.2205692725
26.8278116034
27.3102567989
26.6608587176
26.6793776704
27.2880185004
27.1668205851
26.928271636
27.5462855123
26.8294292212
26.5043194727
27.1659476496
26.5361331488
27.4614244792
27.3165392276
27.409121062
27.4559614933
27.6188544523
27.2269787201
26.4506701577
27.4258005082
27.3552359644
27.3584574779
27.228356012
26.6249862237
27.5342487086
26.5033100279
26.8461667435
27.3752657009
26.6469775311
26.3033034405
27.0192057865
27.3257731789
27.0311793957
27.670494226
25.8298710477
27.0567726365
27.1994686418
27.1209535213
26.912959433
26.7186835729
27.4342184699
27.1051054792
27.1115633094
27.2764837558
26.9182508863
26.7644371787
27.2070078741
27.2674120876
26.6930363881
27.0950290856
26.7974474148
27.118198174
27.4836844908
27.2652374562
27.0768032902
27.0947567588
27.4811723692
26.9746092591
27.2460472495
27.0590001254
26.4705593163
27.3291688292
26.7218283259
27.058261156
27.3668071816
27.1869150649
27.6556085126
26.8382183186
26.8101070414
26.3485546325
26.8797913517
26.4786192163
26.4010809947
26.7672638686
26.8936248646
27.4788271545
27.0999812502
27.3379524807
27.0571373174
27.1190446325
27.1857090614
27.1402638501
27.6970393101
26.0687700105
27.5665663884
26.5827437455
27.6255298646
27.4377692034
26.4157601058
27.0668103444
27.1551791203
26.6708642233
27.2797269023
27.6194111458
26.9974535434
27.1272273664
26.4604855078
26.7111695806
26.6383533757
27.1175023558
26.6539743063
26.7506871958
27.0206211918
26.8163071903
26.1937108356
27.5512546751
27.1437757059
26.6946793594
27.2579248469
27.3941077528
27.190180545
27.1437679912
27.3100094361
27.212388269
27.342765072
27.050287113
27.012207918
26.8288236648
26.7766668112
27.0561364894
26.7015886721
26.2408790578
27.5158828367
26.9516237424
27.5088866232
27.1849137799
27.3567546942
27.3327836607
27.0465012061
27.3717223884
26.5698737629
26.6731841004
26.6588479764
27.2362190521
27.5529741273
27.1219402082
26.868311901
27.15536087
26.7497848248
26.6189063037
27.0274519124
26.9982692116
27.4561677516
26.5876420383
26.7735953191
27.1922049803
26.2394951008
13.8074794083
26.6917835017
27.6328737494
27.158597555
26.3288380083
26.2201896906
27.4352973811
26.1196972539
12.8562872807
26.2639915775
26.5860882037
27.4061239476
26.6928256995
26.9180463729
0
26.8240687786
27.2245009761
26.4363545271
27.1750957996
27.3652505603
26.5905016576
27.2710239481
27.1825741942
26.8976579934
27.3335541103
26.0785057398
27.7150794743
26.8576328555
27.5068602098
27.3752082299
27.4405081294
26.2914820739
27.6627783302
26.9569430792
27.4558302589
26.6591535781
26.9069994701
27.1101272431
27.2588293607
27.3246289073
26.596055438
27.1436397377
26.3245260311
26.9156856994
27.4700149027
26.3845738767
