27.6643892195
26.8688017283
26.7620070484
27.2881678218
27.5169750498
26.9309566802
26.6823809725
26.5317397877
27.3392509402
27.222925254
26.5355864737
27.018643245
26.5988292932
27.234932768
26.6739071158
27.0998591495
26.8526681389
27.1057471401
27.0209631692
27.7569077134
27.2519247531
27.2266526688
26.3164698892
27.1785905863
26.4721840052
26.9118465921
26.6211456229
27.1090451075
26.7241423331
26.339576348
26.9345972104
26.3404786852
26.584382424
26.3573617917
26.2564550557
26.8159783302
27.3343164673
27.531022458
26.6910280381
27.0594695197
26.1931013253
26.9007780648
27.2710433803
27.2838961195
26.7291837251
27.0489093491
26.9503997336
27.2403918754
27.3255962562
26.3311709244
27.1790302256
27.3722938688
27.1465526193
26.8079897395
26.1446669395
26.6428765199
27.1324140118
27.4126933046
27.2417427784
27.4112694853
26.5762974422
27.5736423787
27.2936189544
27.5732233483
27.1863903865
27.0254109757
27.600198589
27.4182383649
27.4001482296
26.613607718
26.7714057833
27.2256618656
26.6078518754
27.1557506891
26.3582579162
26.6608914227
27.2343916323
27.0636159154
27.054329766
27.166512143
27.0894650991
27.2759793129
27.6856104023
26.910002215
27.4152693656
27.362792332
27.2821845607
27.3017922844
27.0734606603
27.0531365332
26.1721404546
26.7180210397
26.3383958473
26.9610120792
27.4231216939
26.7218270333
27.206892976
27.1602446651
27.3924104933
27.3002946841
27.2323266245
27.2821667966
26.730646442
26.6557205522
26.8722218996
27.0927109499
27.1345356188
26.815286385
27.3903494702
26.7704346883
27.3146424705
27.2880457958
27.1985359785
26.3333422879
27.0115328164
27.4795176285
27.2512533909
26.8697855625
27.0748865901
27.577336122
26.596055438
26.528017383
27.3046465128
27.4682650301
27.2520563852
26.9611521985
26.7322820047
27.2827496244
26.5517308281
27.6767999515
26.1045700854
26.5437593703
27.3604710088
27.2985274767
26.9729588576
25.740623419
26.7371655455
25.6095123781
26.8016554721
27.5871721993
27.2102069265
26.2241244672
26.9308230803
27.2636620065
27.3126749307
27.3553039948
27.2638936529
26.2645851799
26.9232221999
27.1903749916
27.3241014262
27.1854373423
27.3444775568
27.0096914637
27.4494414814
26.7802926627
26.9995074111
27.5848245363
27.3726785315
26.7403381102
25.8010716927
27.1990353546
27.3051760733
27.3680084838
26.3620173282
27.311582268
27.2585886626
26.945196032
27.2696377004
26.6731841004
27.4453864996
26.8784697306
27.4417855785
26.5913079999
26.9850970916
26.8862740554
27.1665548405
26.924736924
27.0331225559
26.8754371543
26.135812917
26.6731841004
27.6188730224
27.5414629176
27.035974117
26.9496226001
26.7479231432
26.6644719696
26.9170924776
27.4070724517
26.6624096678
26.286296725
27.0488473336
27.3542403612
26.5244125536
26.2813269831
26.7663489789
27.0983482659
27.4057794351
27.1854083648
38767
